<?xml version="1.0" encoding="UTF-8"?>
<!-- Generated by org.testng.reporters.JUnitXMLReporter -->
<testsuite ignored="0" hostname="DESKTOP-AHJ7FPI" failures="0" tests="21" name="Test" time="55.256" errors="0" timestamp="2025-01-28T11:15:04 IST">
  <testcase classname="com.test.HiddenElement" name="hiddenElement" time="6.639"/>
  <testcase classname="com.test.Alerts.SimpleAlertOkay" name="ConfirmAlertOkay" time="8.743"/>
  <testcase classname="com.test.DoubleClickTest" name="doubleClick" time="9.076"/>
  <testcase classname="com.test.Alerts.PromptAlertExample" name="promptAlertDismiss" time="10.836"/>
  <testcase classname="com.test.DragAnddroptest" name="fileUpload" time="6.036"/>
  <testcase classname="com.test.DetailsFill" name="fillTest" time="14.513"/>
  <testcase classname="com.test.Alerts.SimpleAlertOkay" name="SimpleAlert" time="6.673"/>
  <testcase classname="com.test.Alerts.PromptAlertExample" name="promptAlertOkay" time="6.333"/>
  <testcase classname="com.test.FileUpload" name="fileUpload" time="11.91"/>
  <testcase classname="com.test.Alerts.ConfirmationOkay" name="ConfirmAlertDismiss" time="9.711"/>
  <testcase classname="com.test.Labeltest" name="labeltest" time="12.009"/>
  <testcase classname="com.test.DatePickByIco" name="datePickByIcon" time="13.577"/>
  <testcase classname="com.test.Alerts.ConfirmationOkay" name="ConfirmAlertOkay" time="9.003"/>
  <testcase classname="com.test.DatePick" name="datePick2" time="14.899"/>
  <testcase classname="com.test.Slider" name="slidertest" time="11.322"/>
  <testcase classname="com.test.HoverExample" name="hoverMouse" time="9.872"/>
  <testcase classname="com.test.scrollTypes.PixelScroll" name="pixelScroll" time="10.137"/>
  <testcase classname="com.test.NewTabTest" name="newTabTest" time="13.748"/>
  <testcase classname="com.test.StaticTable" name="staticTable" time="12.607"/>
  <testcase classname="com.test.NewTabTest" name="newWindowTest" time="10.962"/>
  <testcase classname="com.test.HandleLinks" name="newTabTest" time="23.14"/>
</testsuite> <!-- Test -->
