<?xml version="1.0" encoding="UTF-8"?>
<testng-results ignored="0" total="2" passed="2" failed="0" skipped="0">
  <reporter-output>
  </reporter-output>
  <suite started-at="2025-01-25T22:24:58 IST" name="Default suite" finished-at="2025-01-25T22:25:07 IST" duration-ms="8955">
    <groups>
    </groups>
    <test started-at="2025-01-25T22:24:58 IST" name="Default test" finished-at="2025-01-25T22:25:07 IST" duration-ms="8955">
      <class name="com.test.DatePick">
        <test-method signature="datePick2()[pri:0, instance:com.test.DatePick@d21a74c]" started-at="2025-01-25T22:24:59 IST" name="datePick2" finished-at="2025-01-25T22:25:03 IST" duration-ms="4460" status="PASS">
          <reporter-output>
          </reporter-output>
        </test-method> <!-- datePick2 -->
      </class> <!-- com.test.DatePick -->
      <class name="com.test.DatePickByIco">
        <test-method signature="datePickByIcon()[pri:0, instance:com.test.DatePickByIco@313b2ea6]" started-at="2025-01-25T22:25:03 IST" name="datePickByIcon" finished-at="2025-01-25T22:25:07 IST" duration-ms="4455" status="PASS">
          <reporter-output>
          </reporter-output>
        </test-method> <!-- datePickByIcon -->
      </class> <!-- com.test.DatePickByIco -->
    </test> <!-- Default test -->
  </suite> <!-- Default suite -->
</testng-results>
